Error :
Could not find the implementation for builder @angular-devkit/build-angular:dev-server
Solution :
npm install --save-dev @angular-devkit/build-angular


Error :
 ERROR in ./node_modules/ng-multiselect-dropdown/fesm5/ng-multiselect-dropdown.js
 
Solution :

Solved setting the version of ng-multiselect-dropdown to 0.2.3



Error : 
ERROR in node_modules/rxjs/internal/types.d.ts(81,44): error TS1005: ';' expected.

Solution :
npm install rxjs@6.0.0 --save
npm install rxjs-compat@6.0.0 --save


Error :
error cb() never called! 21409 error This is an error with npm itself

Solution :
Permission denied to location so please change the location.




Error :
Node Sass does not yet support your current environment: Windows 64-bit with Unsupported runtime

Solution :
npm install node-sass

Error:
Module not found: Error: Can't resolve '@syncfusion/ej2-angular-richtexteditor' in 'D:\0_Sriraman\Project\CLODEMOSERVER\LOSAPP_NEW\LOSAPP\src\app'

Solution :
Add the "@syncfusion/ej2": "^17.3.14"" and ""@syncfusion/ej2-angular-richtexteditor": "^17.2.52"" in pakage.json
Then run "npm install"

Error:
ERROR Error: Uncaught (in promise): Error: Cannot match any routes. URL Segment: 'doccomponent'
Error: Cannot match any routes. URL Segment: 'doccomponent'
    at ApplyRedirects.push../node_modules/@angular/router/fesm5/router.js.ApplyRedirects.noMatchError
    
Solution :
Add below code in app-routing.module.ts

{
     path: 'doccomponent',
     component: DoccomponentComponent
  },

Error : 
 error TS2377: Constructors for derived classes must contain a 'super' call.
 
Solution :
 Add the "super();" in side the constructer of specific component.
